2024-08-02T15:43:16.670+02:00 ERROR 24464 --- [main] o.s.boot.SpringApplication               : Application run failed

java.lang.IllegalStateException: java.lang.IllegalStateException: Logback configuration error detected: 
ERROR in c.q.l.core.rolling.DefaultTimeBasedFileNamingAndTriggeringPolicy - Filename pattern [logs/the-nails-%d{yyyy-MM-dd}.%i.log.gz] contains an integer token converter, i.e. %i, INCOMPATIBLE with this configuration. Remove it.
	at org.springframework.boot.context.logging.LoggingApplicationListener.initializeSystem(LoggingApplicationListener.java:347)
	at org.springframework.boot.context.logging.LoggingApplicationListener.initialize(LoggingApplicationListener.java:298)
	at org.springframework.boot.context.logging.LoggingApplicationListener.onApplicationEnvironmentPreparedEvent(LoggingApplicationListener.java:246)
	at org.springframework.boot.context.logging.LoggingApplicationListener.onApplicationEvent(LoggingApplicationListener.java:223)
	at org.springframework.context.event.SimpleApplicationEventMulticaster.doInvokeListener(SimpleApplicationEventMulticaster.java:185)
	at org.springframework.context.event.SimpleApplicationEventMulticaster.invokeListener(SimpleApplicationEventMulticaster.java:178)
	at org.springframework.context.event.SimpleApplicationEventMulticaster.multicastEvent(SimpleApplicationEventMulticaster.java:156)
	at org.springframework.context.event.SimpleApplicationEventMulticaster.multicastEvent(SimpleApplicationEventMulticaster.java:138)
	at org.springframework.boot.context.event.EventPublishingRunListener.multicastInitialEvent(EventPublishingRunListener.java:136)
	at org.springframework.boot.context.event.EventPublishingRunListener.environmentPrepared(EventPublishingRunListener.java:81)
	at org.springframework.boot.SpringApplicationRunListeners.lambda$environmentPrepared$2(SpringApplicationRunListeners.java:64)
	at java.base/java.lang.Iterable.forEach(Iterable.java:75)
	at org.springframework.boot.SpringApplicationRunListeners.doWithListeners(SpringApplicationRunListeners.java:118)
	at org.springframework.boot.SpringApplicationRunListeners.doWithListeners(SpringApplicationRunListeners.java:112)
	at org.springframework.boot.SpringApplicationRunListeners.environmentPrepared(SpringApplicationRunListeners.java:63)
	at org.springframework.boot.SpringApplication.prepareEnvironment(SpringApplication.java:370)
	at org.springframework.boot.SpringApplication.run(SpringApplication.java:330)
	at org.springframework.boot.SpringApplication.run(SpringApplication.java:1363)
	at org.springframework.boot.SpringApplication.run(SpringApplication.java:1352)
	at ru.bublinoid.thenails.TheNailsApplication.main(TheNailsApplication.java:10)
Caused by: java.lang.IllegalStateException: Logback configuration error detected: 
ERROR in c.q.l.core.rolling.DefaultTimeBasedFileNamingAndTriggeringPolicy - Filename pattern [logs/the-nails-%d{yyyy-MM-dd}.%i.log.gz] contains an integer token converter, i.e. %i, INCOMPATIBLE with this configuration. Remove it.
	at org.springframework.boot.logging.logback.LogbackLoggingSystem.reportConfigurationErrorsIfNecessary(LogbackLoggingSystem.java:282)
	at org.springframework.boot.logging.logback.LogbackLoggingSystem.loadConfiguration(LogbackLoggingSystem.java:260)
	at org.springframework.boot.logging.logback.LogbackLoggingSystem.reinitialize(LogbackLoggingSystem.java:339)
	at org.springframework.boot.logging.AbstractLoggingSystem.initializeWithConventions(AbstractLoggingSystem.java:74)
	at org.springframework.boot.logging.AbstractLoggingSystem.initialize(AbstractLoggingSystem.java:61)
	at org.springframework.boot.logging.logback.LogbackLoggingSystem.initialize(LogbackLoggingSystem.java:193)
	at org.springframework.boot.context.logging.LoggingApplicationListener.initializeSystem(LoggingApplicationListener.java:332)
	... 19 common frames omitted

2024-08-02 15:44:49 INFO  r.b.thenails.TheNailsApplication - Starting TheNailsApplication using Java 17.0.9 with PID 27164 (C:\Users\glebq\WhatsAppBot\the-nails\target\classes started by glebq in C:\Users\glebq\WhatsAppBot\the-nails)
2024-08-02 15:44:49 INFO  r.b.thenails.TheNailsApplication - No active profile set, falling back to 1 default profile: "default"
2024-08-02 15:44:50 INFO  o.s.b.w.e.tomcat.TomcatWebServer - Tomcat initialized with port 8080 (http)
2024-08-02 15:44:50 INFO  o.a.catalina.core.StandardService - Starting service [Tomcat]
2024-08-02 15:44:50 INFO  o.a.catalina.core.StandardEngine - Starting Servlet engine: [Apache Tomcat/10.1.26]
2024-08-02 15:44:50 INFO  o.a.c.c.C.[Tomcat].[localhost].[/] - Initializing Spring embedded WebApplicationContext
2024-08-02 15:44:50 INFO  o.s.b.w.s.c.ServletWebServerApplicationContext - Root WebApplicationContext: initialization completed in 687 ms
2024-08-02 15:44:50 INFO  o.s.b.w.e.tomcat.TomcatWebServer - Tomcat started on port 8080 (http) with context path '/'
2024-08-02 15:44:51 INFO  r.b.thenails.TheNailsApplication - Started TheNailsApplication in 1.863 seconds (process running for 2.535)
2024-08-02 15:45:12 INFO  r.b.thenails.TheNailsApplication - Starting TheNailsApplication using Java 17.0.9 with PID 20704 (C:\Users\glebq\WhatsAppBot\the-nails\target\classes started by glebq in C:\Users\glebq\WhatsAppBot\the-nails)
2024-08-02 15:45:12 INFO  r.b.thenails.TheNailsApplication - No active profile set, falling back to 1 default profile: "default"
2024-08-02 15:45:12 INFO  o.s.b.w.e.tomcat.TomcatWebServer - Tomcat initialized with port 8080 (http)
2024-08-02 15:45:12 INFO  o.a.coyote.http11.Http11NioProtocol - Initializing ProtocolHandler ["http-nio-8080"]
2024-08-02 15:45:12 INFO  o.a.catalina.core.StandardService - Starting service [Tomcat]
2024-08-02 15:45:12 INFO  o.a.catalina.core.StandardEngine - Starting Servlet engine: [Apache Tomcat/10.1.26]
2024-08-02 15:45:12 INFO  o.a.c.c.C.[Tomcat].[localhost].[/] - Initializing Spring embedded WebApplicationContext
2024-08-02 15:45:12 INFO  o.s.b.w.s.c.ServletWebServerApplicationContext - Root WebApplicationContext: initialization completed in 641 ms
2024-08-02 15:45:13 INFO  o.a.coyote.http11.Http11NioProtocol - Starting ProtocolHandler ["http-nio-8080"]
2024-08-02 15:45:13 INFO  o.s.b.w.e.tomcat.TomcatWebServer - Tomcat started on port 8080 (http) with context path '/'
2024-08-02 15:45:13 INFO  r.b.thenails.TheNailsApplication - Started TheNailsApplication in 1.852 seconds (process running for 2.484)
2024-08-02 15:46:57 INFO  r.b.thenails.TheNailsApplication - Starting TheNailsApplication using Java 17.0.9 with PID 16392 (C:\Users\glebq\WhatsAppBot\the-nails\target\classes started by glebq in C:\Users\glebq\WhatsAppBot\the-nails)
2024-08-02 15:46:57 INFO  r.b.thenails.TheNailsApplication - No active profile set, falling back to 1 default profile: "default"
2024-08-02 15:46:58 INFO  o.s.b.w.e.tomcat.TomcatWebServer - Tomcat initialized with port 8080 (http)
2024-08-02 15:46:58 INFO  o.a.coyote.http11.Http11NioProtocol - Initializing ProtocolHandler ["http-nio-8080"]
2024-08-02 15:46:58 INFO  o.a.catalina.core.StandardService - Starting service [Tomcat]
2024-08-02 15:46:58 INFO  o.a.catalina.core.StandardEngine - Starting Servlet engine: [Apache Tomcat/10.1.26]
2024-08-02 15:46:58 INFO  o.a.c.c.C.[Tomcat].[localhost].[/] - Initializing Spring embedded WebApplicationContext
2024-08-02 15:46:58 INFO  o.s.b.w.s.c.ServletWebServerApplicationContext - Root WebApplicationContext: initialization completed in 638 ms
2024-08-02 15:46:58 INFO  o.a.coyote.http11.Http11NioProtocol - Starting ProtocolHandler ["http-nio-8080"]
2024-08-02 15:46:58 INFO  o.s.b.w.e.tomcat.TomcatWebServer - Tomcat started on port 8080 (http) with context path '/'
2024-08-02 15:46:59 INFO  r.b.thenails.TheNailsApplication - Started TheNailsApplication in 1.874 seconds (process running for 2.514)
2024-08-02T15:50:08.306+02:00  INFO 12268 --- [main] r.b.thenails.TheNailsApplication         : Starting TheNailsApplication using Java 17.0.9 with PID 12268 (C:\Users\glebq\WhatsAppBot\the-nails\target\classes started by glebq in C:\Users\glebq\WhatsAppBot\the-nails)
2024-08-02T15:50:08.308+02:00  INFO 12268 --- [main] r.b.thenails.TheNailsApplication         : No active profile set, falling back to 1 default profile: "default"
2024-08-02T15:50:08.977+02:00  INFO 12268 --- [main] o.s.b.w.embedded.tomcat.TomcatWebServer  : Tomcat initialized with port 8080 (http)
2024-08-02T15:50:08.986+02:00  INFO 12268 --- [main] o.apache.catalina.core.StandardService   : Starting service [Tomcat]
2024-08-02T15:50:08.987+02:00  INFO 12268 --- [main] o.apache.catalina.core.StandardEngine    : Starting Servlet engine: [Apache Tomcat/10.1.26]
2024-08-02T15:50:09.034+02:00  INFO 12268 --- [main] o.a.c.c.C.[Tomcat].[localhost].[/]       : Initializing Spring embedded WebApplicationContext
2024-08-02T15:50:09.035+02:00  INFO 12268 --- [main] w.s.c.ServletWebServerApplicationContext : Root WebApplicationContext: initialization completed in 696 ms
2024-08-02T15:50:09.423+02:00  INFO 12268 --- [main] o.s.b.w.embedded.tomcat.TomcatWebServer  : Tomcat started on port 8080 (http) with context path '/'
2024-08-02T15:50:09.924+02:00  INFO 12268 --- [main] r.b.thenails.TheNailsApplication         : Started TheNailsApplication in 1.967 seconds (process running for 2.589)
2024-08-02T15:50:14.066+02:00  INFO 12268 --- [TheNaIIsBot Telegram Executor] r.b.thenails.telegram.TelegramBot        : Received message from chatId: 6029552667, name: Hleb, text: /start
2024-08-02T15:50:15.310+02:00  INFO 12268 --- [TheNaIIsBot Telegram Executor] r.b.thenails.telegram.TelegramBot        : Received message from chatId: 6029552667, name: Hleb, text: fasf
